2013/10/04 09:54:03 [error] [exception.CHttpException.404] exception 'CHttpException' with message 'Unable to resolve the request "user".' in C:\xampp\htdocs\yii\framework\web\CWebApplication.php:286
Stack trace:
#0 C:\xampp\htdocs\yii\framework\web\CWebApplication.php(141): CWebApplication->runController('user')
#1 C:\xampp\htdocs\yii\framework\base\CApplication.php(169): CWebApplication->processRequest()
#2 C:\xampp\htdocs\skeleton\index.php(13): CApplication->run()
#3 {main}
REQUEST_URI=/skeleton/index.php/user
HTTP_REFERER=http://localhost/skeleton/index.php/site/index
---
2013/10/04 09:56:18 [error] [exception.CHttpException.404] exception 'CHttpException' with message 'Unable to resolve the request "user".' in C:\xampp\htdocs\yii\framework\web\CWebApplication.php:286
Stack trace:
#0 C:\xampp\htdocs\yii\framework\web\CWebApplication.php(141): CWebApplication->runController('user')
#1 C:\xampp\htdocs\yii\framework\base\CApplication.php(169): CWebApplication->processRequest()
#2 C:\xampp\htdocs\skeleton\index.php(13): CApplication->run()
#3 {main}
REQUEST_URI=/skeleton/index.php/user
HTTP_REFERER=http://localhost/skeleton/index.php/site/index
---
2013/10/04 10:10:28 [error] [exception.CException] exception 'CException' with message 'Property "CPhpAuthManager.db" is not defined.' in C:\xampp\htdocs\yii\framework\base\CComponent.php:130
Stack trace:
#0 C:\xampp\htdocs\skeleton\protected\modules\srbac\SrbacModule.php(244): CComponent->__get('db')
#1 C:\xampp\htdocs\skeleton\protected\modules\srbac\controllers\AuthitemController.php(43): SrbacModule->isInstalled()
#2 C:\xampp\htdocs\yii\framework\web\CController.php(306): AuthitemController->beforeAction(Object(CInlineAction))
#3 C:\xampp\htdocs\yii\framework\web\CController.php(286): CController->runAction(Object(CInlineAction))
#4 C:\xampp\htdocs\yii\framework\web\CController.php(265): CController->runActionWithFilters(Object(CInlineAction), Array)
#5 C:\xampp\htdocs\yii\framework\web\CWebApplication.php(282): CController->run('frontpage')
#6 C:\xampp\htdocs\yii\framework\web\CWebApplication.php(141): CWebApplication->runController('srbac/authitem/...')
#7 C:\xampp\htdocs\yii\framework\base\CApplication.php(169): CWebApplication->processRequest()
#8 C:\xampp\htdocs\skeleton\index.php(13): CApplication->run()
#9 {main}
REQUEST_URI=/skeleton/srbac/authitem/frontpage
---
2013/10/04 10:12:28 [error] [php] include(User.php) [<a href='function.include'>function.include</a>]: failed to open stream: No such file or directory (C:\xampp\htdocs\yii\framework\YiiBase.php:421)
Stack trace:
#0 C:\xampp\htdocs\skeleton\protected\modules\srbac\SrbacModule.php(277): spl_autoload_call()
#1 C:\xampp\htdocs\skeleton\protected\modules\srbac\views\authitem\tabViews\roleToUser.php(41): SrbacModule->getUserModel()
#2 C:\xampp\htdocs\yii\framework\web\CBaseController.php(126): require()
#3 C:\xampp\htdocs\yii\framework\web\CBaseController.php(95): AuthitemController->renderInternal()
#4 C:\xampp\htdocs\yii\framework\web\CController.php(869): AuthitemController->renderFile()
#5 C:\xampp\htdocs\yii\framework\web\widgets\CTabView.php(214): AuthitemController->renderPartial()
#6 C:\xampp\htdocs\yii\framework\web\widgets\CTabView.php(146): CTabView->renderBody()
#7 C:\xampp\htdocs\yii\framework\web\CBaseController.php(173): CTabView->run()
#8 C:\xampp\htdocs\skeleton\protected\modules\srbac\views\authitem\assign.php(57): AuthitemController->widget()
#9 C:\xampp\htdocs\yii\framework\web\CBaseController.php(126): require()
#10 C:\xampp\htdocs\yii\framework\web\CBaseController.php(95): AuthitemController->renderInternal()
#11 C:\xampp\htdocs\yii\framework\web\CController.php(869): AuthitemController->renderFile()
#12 C:\xampp\htdocs\yii\framework\web\CController.php(782): AuthitemController->renderPartial()
#13 C:\xampp\htdocs\skeleton\protected\modules\srbac\controllers\AuthitemController.php(217): AuthitemController->render()
#14 C:\xampp\htdocs\yii\framework\web\actions\CInlineAction.php(49): AuthitemController->actionAssign()
#15 C:\xampp\htdocs\yii\framework\web\CController.php(308): CInlineAction->runWithParams()
#16 C:\xampp\htdocs\yii\framework\web\CController.php(286): AuthitemController->runAction()
#17 C:\xampp\htdocs\yii\framework\web\CController.php(265): AuthitemController->runActionWithFilters()
#18 C:\xampp\htdocs\yii\framework\web\CWebApplication.php(282): AuthitemController->run()
#19 C:\xampp\htdocs\yii\framework\web\CWebApplication.php(141): CWebApplication->runController()
#20 C:\xampp\htdocs\yii\framework\base\CApplication.php(169): CWebApplication->processRequest()
#21 C:\xampp\htdocs\skeleton\index.php(13): CWebApplication->run()
REQUEST_URI=/skeleton/srbac/authitem/assign
in C:\xampp\htdocs\skeleton\protected\modules\srbac\SrbacModule.php (277)
in C:\xampp\htdocs\skeleton\protected\modules\srbac\views\authitem\tabViews\roleToUser.php (41)
in C:\xampp\htdocs\skeleton\protected\modules\srbac\views\authitem\assign.php (57)
2013/10/04 10:18:54 [error] [exception.CException] exception 'CException' with message 'Alias "bootstrap.widgets.TbExtendedGridView" is invalid. Make sure it points to an existing PHP file and the file is readable.' in C:\xampp\htdocs\yii\framework\YiiBase.php:316
Stack trace:
#0 C:\xampp\htdocs\yii\framework\web\CWidgetFactory.php(146): YiiBase::import('bootstrap.widge...', true)
#1 C:\xampp\htdocs\yii\framework\web\CBaseController.php(146): CWidgetFactory->createWidget(Object(UserController), 'bootstrap.widge...', Array)
#2 C:\xampp\htdocs\yii\framework\web\CBaseController.php(172): CBaseController->createWidget('bootstrap.widge...', Array)
#3 C:\xampp\htdocs\skeleton\protected\views\user\admin.php(66): CBaseController->widget('bootstrap.widge...', Array)
#4 C:\xampp\htdocs\yii\framework\web\CBaseController.php(126): require('C:\xampp\htdocs...')
#5 C:\xampp\htdocs\yii\framework\web\CBaseController.php(95): CBaseController->renderInternal('C:\xampp\htdocs...', Array, true)
#6 C:\xampp\htdocs\yii\framework\web\CController.php(869): CBaseController->renderFile('C:\xampp\htdocs...', Array, true)
#7 C:\xampp\htdocs\yii\framework\web\CController.php(782): CController->renderPartial('admin', Array, true)
#8 C:\xampp\htdocs\skeleton\protected\controllers\UserController.php(143): CController->render('admin', Array)
#9 C:\xampp\htdocs\yii\framework\web\actions\CInlineAction.php(49): UserController->actionAdmin()
#10 C:\xampp\htdocs\yii\framework\web\CController.php(308): CInlineAction->runWithParams(Array)
#11 C:\xampp\htdocs\yii\framework\web\filters\CFilterChain.php(133): CController->runAction(Object(CInlineAction))
#12 C:\xampp\htdocs\yii\framework\web\filters\CFilter.php(40): CFilterChain->run()
#13 C:\xampp\htdocs\yii\framework\web\CController.php(1145): CFilter->filter(Object(CFilterChain))
#14 C:\xampp\htdocs\yii\framework\web\filters\CInlineFilter.php(58): CController->filterAccessControl(Object(CFilterChain))
#15 C:\xampp\htdocs\yii\framework\web\filters\CFilterChain.php(130): CInlineFilter->filter(Object(CFilterChain))
#16 C:\xampp\htdocs\yii\framework\web\CController.php(291): CFilterChain->run()
#17 C:\xampp\htdocs\yii\framework\web\CController.php(265): CController->runActionWithFilters(Object(CInlineAction), Array)
#18 C:\xampp\htdocs\yii\framework\web\CWebApplication.php(282): CController->run('admin')
#19 C:\xampp\htdocs\yii\framework\web\CWebApplication.php(141): CWebApplication->runController('user/admin')
#20 C:\xampp\htdocs\yii\framework\base\CApplication.php(169): CWebApplication->processRequest()
#21 C:\xampp\htdocs\skeleton\index.php(13): CApplication->run()
#22 {main}
REQUEST_URI=/skeleton/user/admin
HTTP_REFERER=http://localhost/skeleton/site/login
---
2013/10/04 10:19:38 [error] [exception.CException] exception 'CException' with message 'Property "TbGridView.headerOffset" is not defined.' in C:\xampp\htdocs\yii\framework\base\CComponent.php:173
Stack trace:
#0 C:\xampp\htdocs\yii\framework\web\CWidgetFactory.php(161): CComponent->__set('headerOffset', 40)
#1 C:\xampp\htdocs\yii\framework\web\CBaseController.php(146): CWidgetFactory->createWidget(Object(UserController), 'bootstrap.widge...', Array)
#2 C:\xampp\htdocs\yii\framework\web\CBaseController.php(172): CBaseController->createWidget('bootstrap.widge...', Array)
#3 C:\xampp\htdocs\skeleton\protected\views\user\admin.php(66): CBaseController->widget('bootstrap.widge...', Array)
#4 C:\xampp\htdocs\yii\framework\web\CBaseController.php(126): require('C:\xampp\htdocs...')
#5 C:\xampp\htdocs\yii\framework\web\CBaseController.php(95): CBaseController->renderInternal('C:\xampp\htdocs...', Array, true)
#6 C:\xampp\htdocs\yii\framework\web\CController.php(869): CBaseController->renderFile('C:\xampp\htdocs...', Array, true)
#7 C:\xampp\htdocs\yii\framework\web\CController.php(782): CController->renderPartial('admin', Array, true)
#8 C:\xampp\htdocs\skeleton\protected\controllers\UserController.php(143): CController->render('admin', Array)
#9 C:\xampp\htdocs\yii\framework\web\actions\CInlineAction.php(49): UserController->actionAdmin()
#10 C:\xampp\htdocs\yii\framework\web\CController.php(308): CInlineAction->runWithParams(Array)
#11 C:\xampp\htdocs\yii\framework\web\filters\CFilterChain.php(133): CController->runAction(Object(CInlineAction))
#12 C:\xampp\htdocs\yii\framework\web\filters\CFilter.php(40): CFilterChain->run()
#13 C:\xampp\htdocs\yii\framework\web\CController.php(1145): CFilter->filter(Object(CFilterChain))
#14 C:\xampp\htdocs\yii\framework\web\filters\CInlineFilter.php(58): CController->filterAccessControl(Object(CFilterChain))
#15 C:\xampp\htdocs\yii\framework\web\filters\CFilterChain.php(130): CInlineFilter->filter(Object(CFilterChain))
#16 C:\xampp\htdocs\yii\framework\web\CController.php(291): CFilterChain->run()
#17 C:\xampp\htdocs\yii\framework\web\CController.php(265): CController->runActionWithFilters(Object(CInlineAction), Array)
#18 C:\xampp\htdocs\yii\framework\web\CWebApplication.php(282): CController->run('admin')
#19 C:\xampp\htdocs\yii\framework\web\CWebApplication.php(141): CWebApplication->runController('user/admin')
#20 C:\xampp\htdocs\yii\framework\base\CApplication.php(169): CWebApplication->processRequest()
#21 C:\xampp\htdocs\skeleton\index.php(13): CApplication->run()
#22 {main}
REQUEST_URI=/skeleton/user/admin
HTTP_REFERER=http://localhost/skeleton/site/login
---
2013/10/04 10:20:50 [error] [exception.CException] exception 'CException' with message 'Property "TbGridView.headerOffset" is not defined.' in C:\xampp\htdocs\yii\framework\base\CComponent.php:173
Stack trace:
#0 C:\xampp\htdocs\yii\framework\web\CWidgetFactory.php(161): CComponent->__set('headerOffset', 40)
#1 C:\xampp\htdocs\yii\framework\web\CBaseController.php(146): CWidgetFactory->createWidget(Object(UserController), 'bootstrap.widge...', Array)
#2 C:\xampp\htdocs\yii\framework\web\CBaseController.php(172): CBaseController->createWidget('bootstrap.widge...', Array)
#3 C:\xampp\htdocs\skeleton\protected\views\user\admin.php(66): CBaseController->widget('bootstrap.widge...', Array)
#4 C:\xampp\htdocs\yii\framework\web\CBaseController.php(126): require('C:\xampp\htdocs...')
#5 C:\xampp\htdocs\yii\framework\web\CBaseController.php(95): CBaseController->renderInternal('C:\xampp\htdocs...', Array, true)
#6 C:\xampp\htdocs\yii\framework\web\CController.php(869): CBaseController->renderFile('C:\xampp\htdocs...', Array, true)
#7 C:\xampp\htdocs\yii\framework\web\CController.php(782): CController->renderPartial('admin', Array, true)
#8 C:\xampp\htdocs\skeleton\protected\controllers\UserController.php(143): CController->render('admin', Array)
#9 C:\xampp\htdocs\yii\framework\web\actions\CInlineAction.php(49): UserController->actionAdmin()
#10 C:\xampp\htdocs\yii\framework\web\CController.php(308): CInlineAction->runWithParams(Array)
#11 C:\xampp\htdocs\yii\framework\web\filters\CFilterChain.php(133): CController->runAction(Object(CInlineAction))
#12 C:\xampp\htdocs\yii\framework\web\filters\CFilter.php(40): CFilterChain->run()
#13 C:\xampp\htdocs\yii\framework\web\CController.php(1145): CFilter->filter(Object(CFilterChain))
#14 C:\xampp\htdocs\yii\framework\web\filters\CInlineFilter.php(58): CController->filterAccessControl(Object(CFilterChain))
#15 C:\xampp\htdocs\yii\framework\web\filters\CFilterChain.php(130): CInlineFilter->filter(Object(CFilterChain))
#16 C:\xampp\htdocs\yii\framework\web\CController.php(291): CFilterChain->run()
#17 C:\xampp\htdocs\yii\framework\web\CController.php(265): CController->runActionWithFilters(Object(CInlineAction), Array)
#18 C:\xampp\htdocs\yii\framework\web\CWebApplication.php(282): CController->run('admin')
#19 C:\xampp\htdocs\yii\framework\web\CWebApplication.php(141): CWebApplication->runController('user/admin')
#20 C:\xampp\htdocs\yii\framework\base\CApplication.php(169): CWebApplication->processRequest()
#21 C:\xampp\htdocs\skeleton\index.php(13): CApplication->run()
#22 {main}
REQUEST_URI=/skeleton/user/admin
HTTP_REFERER=http://localhost/skeleton/site/login
---
2013/10/04 10:23:35 [error] [exception.CException] exception 'CException' with message 'UserController has an extra endWidget(CContentDecorator) call in its view.' in C:\xampp\htdocs\yii\framework\web\CBaseController.php:210
Stack trace:
#0 C:\xampp\htdocs\yii\framework\web\CBaseController.php(300): CBaseController->endWidget('CContentDecorat...')
#1 C:\xampp\htdocs\skeleton\protected\views\layouts\column2.php(24): CBaseController->endContent()
#2 C:\xampp\htdocs\yii\framework\web\CBaseController.php(126): require('C:\xampp\htdocs...')
#3 C:\xampp\htdocs\yii\framework\web\CBaseController.php(95): CBaseController->renderInternal('C:\xampp\htdocs...', Array, true)
#4 C:\xampp\htdocs\yii\framework\web\CController.php(784): CBaseController->renderFile('C:\xampp\htdocs...', Array, true)
#5 C:\xampp\htdocs\skeleton\protected\controllers\UserController.php(143): CController->render('admin', Array)
#6 C:\xampp\htdocs\yii\framework\web\actions\CInlineAction.php(49): UserController->actionAdmin()
#7 C:\xampp\htdocs\yii\framework\web\CController.php(308): CInlineAction->runWithParams(Array)
#8 C:\xampp\htdocs\yii\framework\web\filters\CFilterChain.php(133): CController->runAction(Object(CInlineAction))
#9 C:\xampp\htdocs\yii\framework\web\filters\CFilter.php(40): CFilterChain->run()
#10 C:\xampp\htdocs\yii\framework\web\CController.php(1145): CFilter->filter(Object(CFilterChain))
#11 C:\xampp\htdocs\yii\framework\web\filters\CInlineFilter.php(58): CController->filterAccessControl(Object(CFilterChain))
#12 C:\xampp\htdocs\yii\framework\web\filters\CFilterChain.php(130): CInlineFilter->filter(Object(CFilterChain))
#13 C:\xampp\htdocs\yii\framework\web\CController.php(291): CFilterChain->run()
#14 C:\xampp\htdocs\yii\framework\web\CController.php(265): CController->runActionWithFilters(Object(CInlineAction), Array)
#15 C:\xampp\htdocs\yii\framework\web\CWebApplication.php(282): CController->run('admin')
#16 C:\xampp\htdocs\yii\framework\web\CWebApplication.php(141): CWebApplication->runController('user/admin')
#17 C:\xampp\htdocs\yii\framework\base\CApplication.php(169): CWebApplication->processRequest()
#18 C:\xampp\htdocs\skeleton\index.php(13): CApplication->run()
#19 {main}
REQUEST_URI=/skeleton/user/admin
HTTP_REFERER=http://localhost/skeleton/site/login
---
2013/10/04 10:36:50 [error] [exception.CHttpException.404] exception 'CHttpException' with message 'Unable to resolve the request "admin".' in C:\xampp\htdocs\yii\framework\web\CWebApplication.php:286
Stack trace:
#0 C:\xampp\htdocs\yii\framework\web\CWebApplication.php(141): CWebApplication->runController('admin')
#1 C:\xampp\htdocs\yii\framework\base\CApplication.php(169): CWebApplication->processRequest()
#2 C:\xampp\htdocs\skeleton\index.php(13): CApplication->run()
#3 {main}
REQUEST_URI=/skeleton/admin
---
2013/10/04 10:42:56 [error] [exception.CException] exception 'CException' with message 'User and its behaviors do not have a method or closure named "getRoles".' in C:\xampp\htdocs\yii\framework\base\CComponent.php:265
Stack trace:
#0 C:\xampp\htdocs\yii\framework\db\ar\CActiveRecord.php(225): CComponent->__call('getRoles', Array)
#1 [internal function]: CActiveRecord->__call('getRoles', Array)
#2 C:\xampp\htdocs\skeleton\protected\views\user\_form.php(39): User->getRoles()
#3 C:\xampp\htdocs\yii\framework\web\CBaseController.php(126): require('C:\xampp\htdocs...')
#4 C:\xampp\htdocs\yii\framework\web\CBaseController.php(95): CBaseController->renderInternal('C:\xampp\htdocs...', Array, true)
#5 C:\xampp\htdocs\yii\framework\web\CController.php(869): CBaseController->renderFile('C:\xampp\htdocs...', Array, true)
#6 C:\xampp\htdocs\skeleton\protected\views\user\create.php(18): CController->renderPartial('_form', Array)
#7 C:\xampp\htdocs\yii\framework\web\CBaseController.php(126): require('C:\xampp\htdocs...')
#8 C:\xampp\htdocs\yii\framework\web\CBaseController.php(95): CBaseController->renderInternal('C:\xampp\htdocs...', Array, true)
#9 C:\xampp\htdocs\yii\framework\web\CController.php(869): CBaseController->renderFile('C:\xampp\htdocs...', Array, true)
#10 C:\xampp\htdocs\yii\framework\web\CController.php(782): CController->renderPartial('create', Array, true)
#11 C:\xampp\htdocs\skeleton\protected\controllers\UserController.php(79): CController->render('create', Array)
#12 C:\xampp\htdocs\yii\framework\web\actions\CInlineAction.php(49): UserController->actionCreate()
#13 C:\xampp\htdocs\yii\framework\web\CController.php(308): CInlineAction->runWithParams(Array)
#14 C:\xampp\htdocs\yii\framework\web\filters\CFilterChain.php(133): CController->runAction(Object(CInlineAction))
#15 C:\xampp\htdocs\yii\framework\web\filters\CFilter.php(40): CFilterChain->run()
#16 C:\xampp\htdocs\yii\framework\web\CController.php(1145): CFilter->filter(Object(CFilterChain))
#17 C:\xampp\htdocs\yii\framework\web\filters\CInlineFilter.php(58): CController->filterAccessControl(Object(CFilterChain))
#18 C:\xampp\htdocs\yii\framework\web\filters\CFilterChain.php(130): CInlineFilter->filter(Object(CFilterChain))
#19 C:\xampp\htdocs\yii\framework\web\CController.php(291): CFilterChain->run()
#20 C:\xampp\htdocs\yii\framework\web\CController.php(265): CController->runActionWithFilters(Object(CInlineAction), Array)
#21 C:\xampp\htdocs\yii\framework\web\CWebApplication.php(282): CController->run('create')
#22 C:\xampp\htdocs\yii\framework\web\CWebApplication.php(141): CWebApplication->runController('user/create')
#23 C:\xampp\htdocs\yii\framework\base\CApplication.php(169): CWebApplication->processRequest()
#24 C:\xampp\htdocs\skeleton\index.php(13): CApplication->run()
#25 {main}
REQUEST_URI=/skeleton/user/create
---
2013/10/04 10:47:49 [warning] [application] Failed to set unsafe attribute "roles" of "User".
in C:\xampp\htdocs\skeleton\protected\controllers\UserController.php (72)
in C:\xampp\htdocs\skeleton\index.php (13)
2013/10/04 10:53:47 [warning] [application] Failed to set unsafe attribute "roles" of "User".
in C:\xampp\htdocs\skeleton\protected\controllers\UserController.php (98)
in C:\xampp\htdocs\skeleton\index.php (13)
2013/10/04 10:54:03 [warning] [application] Failed to set unsafe attribute "roles" of "User".
in C:\xampp\htdocs\skeleton\protected\controllers\UserController.php (98)
in C:\xampp\htdocs\skeleton\index.php (13)
2013/10/04 10:55:45 [error] [exception.CHttpException.404] exception 'CHttpException' with message 'The requested page does not exist.' in C:\xampp\htdocs\skeleton\protected\controllers\UserController.php:172
Stack trace:
#0 C:\xampp\htdocs\skeleton\protected\controllers\UserController.php(55): UserController->loadModel('4')
#1 [internal function]: UserController->actionView('4')
#2 C:\xampp\htdocs\yii\framework\web\actions\CAction.php(108): ReflectionMethod->invokeArgs(Object(UserController), Array)
#3 C:\xampp\htdocs\yii\framework\web\actions\CInlineAction.php(47): CAction->runWithParamsInternal(Object(UserController), Object(ReflectionMethod), Array)
#4 C:\xampp\htdocs\yii\framework\web\CController.php(308): CInlineAction->runWithParams(Array)
#5 C:\xampp\htdocs\yii\framework\web\filters\CFilterChain.php(133): CController->runAction(Object(CInlineAction))
#6 C:\xampp\htdocs\yii\framework\web\filters\CFilter.php(40): CFilterChain->run()
#7 C:\xampp\htdocs\yii\framework\web\CController.php(1145): CFilter->filter(Object(CFilterChain))
#8 C:\xampp\htdocs\yii\framework\web\filters\CInlineFilter.php(58): CController->filterAccessControl(Object(CFilterChain))
#9 C:\xampp\htdocs\yii\framework\web\filters\CFilterChain.php(130): CInlineFilter->filter(Object(CFilterChain))
#10 C:\xampp\htdocs\yii\framework\web\CController.php(291): CFilterChain->run()
#11 C:\xampp\htdocs\yii\framework\web\CController.php(265): CController->runActionWithFilters(Object(CInlineAction), Array)
#12 C:\xampp\htdocs\yii\framework\web\CWebApplication.php(282): CController->run('view')
#13 C:\xampp\htdocs\yii\framework\web\CWebApplication.php(141): CWebApplication->runController('user/view')
#14 C:\xampp\htdocs\yii\framework\base\CApplication.php(169): CWebApplication->processRequest()
#15 C:\xampp\htdocs\skeleton\index.php(13): CApplication->run()
#16 {main}
REQUEST_URI=/skeleton/user/4
---
2013/10/05 10:18:30 [error] [php] include(User.php) [<a href='function.include'>function.include</a>]: failed to open stream: No such file or directory (C:\xampp\htdocs\yii\framework\YiiBase.php:421)
Stack trace:
#0 C:\xampp\htdocs\skeleton\protected\components\UserIdentity.php(16): spl_autoload_call()
#1 C:\xampp\htdocs\skeleton\protected\models\LoginForm.php(52): UserIdentity->authenticate()
#2 C:\xampp\htdocs\yii\framework\validators\CInlineValidator.php(42): LoginForm->authenticate()
#3 C:\xampp\htdocs\yii\framework\validators\CValidator.php(213): CInlineValidator->validateAttribute()
#4 C:\xampp\htdocs\yii\framework\base\CModel.php(159): CInlineValidator->validate()
#5 C:\xampp\htdocs\skeleton\protected\controllers\SiteController.php(94): LoginForm->validate()
#6 C:\xampp\htdocs\yii\framework\web\actions\CInlineAction.php(49): SiteController->actionLogin()
#7 C:\xampp\htdocs\yii\framework\web\CController.php(308): CInlineAction->runWithParams()
#8 C:\xampp\htdocs\yii\framework\web\CController.php(286): SiteController->runAction()
#9 C:\xampp\htdocs\yii\framework\web\CController.php(265): SiteController->runActionWithFilters()
#10 C:\xampp\htdocs\yii\framework\web\CWebApplication.php(282): SiteController->run()
#11 C:\xampp\htdocs\yii\framework\web\CWebApplication.php(141): CWebApplication->runController()
#12 C:\xampp\htdocs\yii\framework\base\CApplication.php(169): CWebApplication->processRequest()
#13 C:\xampp\htdocs\skeleton\index.php(13): CWebApplication->run()
REQUEST_URI=/skeleton/site/login
in C:\xampp\htdocs\skeleton\protected\components\UserIdentity.php (16)
in C:\xampp\htdocs\skeleton\protected\models\LoginForm.php (52)
in C:\xampp\htdocs\skeleton\protected\controllers\SiteController.php (94)
2013/10/05 10:20:04 [error] [php] include(User.php) [<a href='function.include'>function.include</a>]: failed to open stream: No such file or directory (C:\xampp\htdocs\yii\framework\YiiBase.php:421)
Stack trace:
#0 C:\xampp\htdocs\skeleton\protected\models\LoginForm.php(72): spl_autoload_call()
#1 C:\xampp\htdocs\skeleton\protected\controllers\SiteController.php(94): LoginForm->login()
#2 C:\xampp\htdocs\yii\framework\web\actions\CInlineAction.php(49): SiteController->actionLogin()
#3 C:\xampp\htdocs\yii\framework\web\CController.php(308): CInlineAction->runWithParams()
#4 C:\xampp\htdocs\yii\framework\web\CController.php(286): SiteController->runAction()
#5 C:\xampp\htdocs\yii\framework\web\CController.php(265): SiteController->runActionWithFilters()
#6 C:\xampp\htdocs\yii\framework\web\CWebApplication.php(282): SiteController->run()
#7 C:\xampp\htdocs\yii\framework\web\CWebApplication.php(141): CWebApplication->runController()
#8 C:\xampp\htdocs\yii\framework\base\CApplication.php(169): CWebApplication->processRequest()
#9 C:\xampp\htdocs\skeleton\index.php(13): CWebApplication->run()
REQUEST_URI=/skeleton/site/login
in C:\xampp\htdocs\skeleton\protected\models\LoginForm.php (72)
in C:\xampp\htdocs\skeleton\protected\controllers\SiteController.php (94)
in C:\xampp\htdocs\skeleton\index.php (13)
2013/10/05 10:21:31 [error] [php] mail() [<a href='function.mail'>function.mail</a>]: Failed to connect to mailserver at &quot;localhost&quot; port 25, verify your &quot;SMTP&quot; and &quot;smtp_port&quot; setting in php.ini or use ini_set() (C:\xampp\htdocs\skeleton\protected\controllers\SiteController.php:67)
Stack trace:
#0 C:\xampp\htdocs\yii\framework\web\CController.php(308): CInlineAction->runWithParams()
#1 C:\xampp\htdocs\yii\framework\web\CController.php(286): SiteController->runAction()
#2 C:\xampp\htdocs\yii\framework\web\CController.php(265): SiteController->runActionWithFilters()
#3 C:\xampp\htdocs\yii\framework\web\CWebApplication.php(282): SiteController->run()
#4 C:\xampp\htdocs\yii\framework\web\CWebApplication.php(141): CWebApplication->runController()
#5 C:\xampp\htdocs\yii\framework\base\CApplication.php(169): CWebApplication->processRequest()
#6 C:\xampp\htdocs\skeleton\index.php(13): CWebApplication->run()
REQUEST_URI=/skeleton/site/contact
in C:\xampp\htdocs\skeleton\protected\controllers\SiteController.php (67)
in C:\xampp\htdocs\skeleton\index.php (13)
2013/10/05 10:22:13 [error] [php] mail() [<a href='function.mail'>function.mail</a>]: Failed to connect to mailserver at &quot;localhost&quot; port 25, verify your &quot;SMTP&quot; and &quot;smtp_port&quot; setting in php.ini or use ini_set() (C:\xampp\htdocs\skeleton\protected\controllers\SiteController.php:67)
Stack trace:
#0 C:\xampp\htdocs\yii\framework\web\CController.php(308): CInlineAction->runWithParams()
#1 C:\xampp\htdocs\yii\framework\web\CController.php(286): SiteController->runAction()
#2 C:\xampp\htdocs\yii\framework\web\CController.php(265): SiteController->runActionWithFilters()
#3 C:\xampp\htdocs\yii\framework\web\CWebApplication.php(282): SiteController->run()
#4 C:\xampp\htdocs\yii\framework\web\CWebApplication.php(141): CWebApplication->runController()
#5 C:\xampp\htdocs\yii\framework\base\CApplication.php(169): CWebApplication->processRequest()
#6 C:\xampp\htdocs\skeleton\index.php(13): CWebApplication->run()
REQUEST_URI=/skeleton/site/contact
in C:\xampp\htdocs\skeleton\protected\controllers\SiteController.php (67)
in C:\xampp\htdocs\skeleton\index.php (13)
